<?xml version="1.0" encoding="UTF-8"?>
<!-- Generated by org.testng.reporters.JUnitReportReporter -->
<testsuite skipped="0" hostname="vetsodi10014387" name="Utility.Report" tests="2" failures="0" timestamp="16 Apr 2025 15:04:43 GMT" time="130.600" errors="0">
  <testcase name="Launch_Browser" time="98.279" classname="Utility.Report"/>
  <testcase name="team_activity_analytics_report" time="32.321" classname="Utility.Report"/>
</testsuite> <!-- Utility.Report -->
